{"C:\\Users\\admin\\Downloads\\xo-rwa-se3-ts-main 06.22\\xo-rwa-se3-ts-main\\backend\\src\\app.ts": {"path":"C:\\Users\\admin\\Downloads\\xo-rwa-se3-ts-main 06.22\\xo-rwa-se3-ts-main\\backend\\src\\app.ts","statementMap":{"0":{"start":{"line":11,"column":27},"end":{"line":11,"column":52}},"1":{"start":{"line":12,"column":28},"end":{"line":12,"column":36}},"2":{"start":{"line":13,"column":29},"end":{"line":13,"column":30}},"3":{"start":{"line":21,"column":26},"end":{"line":21,"column":41}},"4":{"start":{"line":23,"column":4},"end":{"line":23,"column":37}},"5":{"start":{"line":27,"column":26},"end":{"line":27,"column":85}},"6":{"start":{"line":28,"column":18},"end":{"line":28,"column":89}},"7":{"start":{"line":29,"column":4},"end":{"line":29,"column":79}},"8":{"start":{"line":30,"column":19},"end":{"line":30,"column":111}},"9":{"start":{"line":31,"column":4},"end":{"line":31,"column":113}},"10":{"start":{"line":35,"column":4},"end":{"line":38,"column":96}},"11":{"start":{"line":40,"column":4},"end":{"line":40,"column":28}},"12":{"start":{"line":41,"column":20},"end":{"line":41,"column":39}},"13":{"start":{"line":43,"column":4},"end":{"line":43,"column":81}}},"fnMap":{"0":{"name":"(anonymous_0)","decl":{"start":{"line":20,"column":2},"end":{"line":20,"column":3}},"loc":{"start":{"line":20,"column":30},"end":{"line":24,"column":3}},"line":20},"1":{"name":"(anonymous_1)","decl":{"start":{"line":26,"column":2},"end":{"line":26,"column":3}},"loc":{"start":{"line":26,"column":62},"end":{"line":32,"column":3}},"line":26},"2":{"name":"(anonymous_2)","decl":{"start":{"line":34,"column":2},"end":{"line":34,"column":3}},"loc":{"start":{"line":34,"column":67},"end":{"line":44,"column":3}},"line":34}},"branchMap":{"0":{"loc":{"start":{"line":28,"column":19},"end":{"line":28,"column":81}},"type":"binary-expr","locations":[{"start":{"line":28,"column":19},"end":{"line":28,"column":75}},{"start":{"line":28,"column":79},"end":{"line":28,"column":81}}],"line":28},"1":{"loc":{"start":{"line":34,"column":12},"end":{"line":34,"column":50}},"type":"default-arg","locations":[{"start":{"line":34,"column":38},"end":{"line":34,"column":50}}],"line":34}},"s":{"0":2,"1":2,"2":2,"3":2,"4":2,"5":2,"6":2,"7":2,"8":2,"9":2,"10":5,"11":5,"12":5,"13":5},"f":{"0":2,"1":2,"2":5},"b":{"0":[2,1],"1":[2]},"_coverageSchema":"1a1c01bbd47fc00a2c39e90264f33305004495a9","hash":"394a42b8dd8768d8abc37fa3f577fb307db452ee"}
,"C:\\Users\\admin\\Downloads\\xo-rwa-se3-ts-main 06.22\\xo-rwa-se3-ts-main\\backend\\src\\services\\page-eval.service.ts": {"path":"C:\\Users\\admin\\Downloads\\xo-rwa-se3-ts-main 06.22\\xo-rwa-se3-ts-main\\backend\\src\\services\\page-eval.service.ts","statementMap":{"0":{"start":{"line":4,"column":2},"end":{"line":4,"column":42}}},"fnMap":{"0":{"name":"pageEval","decl":{"start":{"line":3,"column":22},"end":{"line":3,"column":30}},"loc":{"start":{"line":3,"column":101},"end":{"line":5,"column":1}},"line":3}},"branchMap":{},"s":{"0":2},"f":{"0":2},"b":{},"_coverageSchema":"1a1c01bbd47fc00a2c39e90264f33305004495a9","hash":"af16ee37af4c6f0add0244869c9a570bae9a4bd5"}
,"C:\\Users\\admin\\Downloads\\xo-rwa-se3-ts-main 06.22\\xo-rwa-se3-ts-main\\backend\\src\\services\\url-loader.service.ts": {"path":"C:\\Users\\admin\\Downloads\\xo-rwa-se3-ts-main 06.22\\xo-rwa-se3-ts-main\\backend\\src\\services\\url-loader.service.ts","statementMap":{"0":{"start":{"line":14,"column":4},"end":{"line":17,"column":5}},"1":{"start":{"line":15,"column":22},"end":{"line":15,"column":46}},"2":{"start":{"line":16,"column":6},"end":{"line":16,"column":63}},"3":{"start":{"line":18,"column":4},"end":{"line":18,"column":36}},"4":{"start":{"line":25,"column":17},"end":{"line":25,"column":45}},"5":{"start":{"line":26,"column":4},"end":{"line":26,"column":24}},"6":{"start":{"line":27,"column":4},"end":{"line":27,"column":38}},"7":{"start":{"line":28,"column":26},"end":{"line":28,"column":127}},"8":{"start":{"line":30,"column":4},"end":{"line":30,"column":26}},"9":{"start":{"line":34,"column":16},"end":{"line":34,"column":17}},"10":{"start":{"line":35,"column":52},"end":{"line":35,"column":54}},"11":{"start":{"line":36,"column":57},"end":{"line":36,"column":86}},"12":{"start":{"line":37,"column":4},"end":{"line":53,"column":5}},"13":{"start":{"line":38,"column":24},"end":{"line":38,"column":37}},"14":{"start":{"line":39,"column":6},"end":{"line":52,"column":7}},"15":{"start":{"line":40,"column":31},"end":{"line":40,"column":40}},"16":{"start":{"line":41,"column":8},"end":{"line":51,"column":9}},"17":{"start":{"line":42,"column":10},"end":{"line":42,"column":33}},"18":{"start":{"line":43,"column":10},"end":{"line":50,"column":11}},"19":{"start":{"line":44,"column":36},"end":{"line":44,"column":71}},"20":{"start":{"line":45,"column":12},"end":{"line":45,"column":69}},"21":{"start":{"line":46,"column":12},"end":{"line":46,"column":80}},"22":{"start":{"line":46,"column":36},"end":{"line":46,"column":79}},"23":{"start":{"line":48,"column":12},"end":{"line":48,"column":32}},"24":{"start":{"line":49,"column":12},"end":{"line":49,"column":20}},"25":{"start":{"line":54,"column":4},"end":{"line":54,"column":16}}},"fnMap":{"0":{"name":"(anonymous_0)","decl":{"start":{"line":13,"column":2},"end":{"line":13,"column":3}},"loc":{"start":{"line":13,"column":57},"end":{"line":19,"column":3}},"line":13},"1":{"name":"(anonymous_1)","decl":{"start":{"line":21,"column":2},"end":{"line":21,"column":3}},"loc":{"start":{"line":21,"column":58},"end":{"line":22,"column":3}},"line":21},"2":{"name":"(anonymous_2)","decl":{"start":{"line":24,"column":2},"end":{"line":24,"column":3}},"loc":{"start":{"line":24,"column":65},"end":{"line":31,"column":3}},"line":24},"3":{"name":"(anonymous_3)","decl":{"start":{"line":33,"column":2},"end":{"line":33,"column":3}},"loc":{"start":{"line":33,"column":88},"end":{"line":55,"column":3}},"line":33},"4":{"name":"(anonymous_4)","decl":{"start":{"line":46,"column":26},"end":{"line":46,"column":27}},"loc":{"start":{"line":46,"column":36},"end":{"line":46,"column":79}},"line":46}},"branchMap":{"0":{"loc":{"start":{"line":14,"column":4},"end":{"line":17,"column":5}},"type":"if","locations":[{"start":{"line":14,"column":4},"end":{"line":17,"column":5}},{"start":{},"end":{}}],"line":14},"1":{"loc":{"start":{"line":39,"column":6},"end":{"line":52,"column":7}},"type":"if","locations":[{"start":{"line":39,"column":6},"end":{"line":52,"column":7}},{"start":{},"end":{}}],"line":39},"2":{"loc":{"start":{"line":39,"column":10},"end":{"line":39,"column":55}},"type":"binary-expr","locations":[{"start":{"line":39,"column":10},"end":{"line":39,"column":28}},{"start":{"line":39,"column":32},"end":{"line":39,"column":55}}],"line":39},"3":{"loc":{"start":{"line":41,"column":8},"end":{"line":51,"column":9}},"type":"if","locations":[{"start":{"line":41,"column":8},"end":{"line":51,"column":9}},{"start":{},"end":{}}],"line":41},"4":{"loc":{"start":{"line":41,"column":12},"end":{"line":41,"column":50}},"type":"binary-expr","locations":[{"start":{"line":41,"column":12},"end":{"line":41,"column":29}},{"start":{"line":41,"column":33},"end":{"line":41,"column":50}}],"line":41},"5":{"loc":{"start":{"line":45,"column":22},"end":{"line":45,"column":61}},"type":"binary-expr","locations":[{"start":{"line":45,"column":22},"end":{"line":45,"column":55}},{"start":{"line":45,"column":59},"end":{"line":45,"column":61}}],"line":45}},"s":{"0":6,"1":1,"2":1,"3":6,"4":1,"5":1,"6":1,"7":1,"8":1,"9":3,"10":3,"11":3,"12":3,"13":5,"14":5,"15":5,"16":5,"17":5,"18":5,"19":5,"20":4,"21":4,"22":2,"23":1,"24":1,"25":2},"f":{"0":6,"1":1,"2":1,"3":3,"4":2},"b":{"0":[1,5],"1":[5,0],"2":[5,5],"3":[5,0],"4":[5,5],"5":[4,2]},"_coverageSchema":"1a1c01bbd47fc00a2c39e90264f33305004495a9","hash":"bfa8a3f829deb294e9c7da5bb992d60ecd947cc4"}
}
