TN:
SF:src\app.ts
FN:20,(anonymous_0)
FN:26,(anonymous_1)
FN:34,(anonymous_2)
FNF:3
FNH:3
FNDA:2,(anonymous_0)
FNDA:2,(anonymous_1)
FNDA:5,(anonymous_2)
DA:11,2
DA:12,2
DA:13,2
DA:21,2
DA:23,2
DA:27,2
DA:28,2
DA:29,2
DA:30,2
DA:31,2
DA:35,5
DA:40,5
DA:41,5
DA:43,5
LF:14
LH:14
BRDA:28,0,0,2
BRDA:28,0,1,1
BRDA:34,1,0,2
BRF:3
BRH:3
end_of_record
TN:
SF:src\services\page-eval.service.ts
FN:3,pageEval
FNF:1
FNH:1
FNDA:2,pageEval
DA:4,2
LF:1
LH:1
BRF:0
BRH:0
end_of_record
TN:
SF:src\services\url-loader.service.ts
FN:13,(anonymous_0)
FN:21,(anonymous_1)
FN:24,(anonymous_2)
FN:33,(anonymous_3)
FN:46,(anonymous_4)
FNF:5
FNH:5
FNDA:6,(anonymous_0)
FNDA:1,(anonymous_1)
FNDA:1,(anonymous_2)
FNDA:3,(anonymous_3)
FNDA:2,(anonymous_4)
DA:14,6
DA:15,1
DA:16,1
DA:18,6
DA:25,1
DA:26,1
DA:27,1
DA:28,1
DA:30,1
DA:34,3
DA:35,3
DA:36,3
DA:37,3
DA:38,5
DA:39,5
DA:40,5
DA:41,5
DA:42,5
DA:43,5
DA:44,5
DA:45,4
DA:46,4
DA:48,1
DA:49,1
DA:54,2
LF:25
LH:25
BRDA:14,0,0,1
BRDA:14,0,1,5
BRDA:39,1,0,5
BRDA:39,1,1,0
BRDA:39,2,0,5
BRDA:39,2,1,5
BRDA:41,3,0,5
BRDA:41,3,1,0
BRDA:41,4,0,5
BRDA:41,4,1,5
BRDA:45,5,0,4
BRDA:45,5,1,2
BRF:12
BRH:10
end_of_record
